\BOOKMARK [0][-]{Doc-Start}{\376\377\123\343\212\146\131\324\124\341\147\003\133\351\133\232\146\370}{}% 1
\BOOKMARK [0][-]{chapter*.1}{\376\377\212\214\213\035}{}% 2
\BOOKMARK [0][-]{chapter*.2}{\376\377\144\130\211\201}{}% 3
\BOOKMARK [0][-]{chapter*.3}{\376\377\000A\000b\000s\000t\000r\000a\000c\000t}{}% 4
\BOOKMARK [0][-]{chapter.1}{\376\377\000I\000n\000t\000r\000o\000d\000u\000c\000t\000i\000o\000n}{}% 5
\BOOKMARK [0][-]{chapter*.7}{\376\377\000P\000a\000r\000t\000\040\000I\000\040}{}% 6
\BOOKMARK [0][-]{chapter.2}{\376\377\000S\000P\000E\000C\000I\000A\000L\000\040\000R\000E\000L\000A\000T\000I\000V\000I\000S\000T\000I\000C\000\040\000H\000Y\000D\000R\000O\000D\000Y\000N\000A\000M\000I\000C\000S}{}% 7
\BOOKMARK [0][-]{chapter.3}{\376\377\000S\000p\000e\000c\000i\000a\000l\000\040\000r\000e\000l\000a\000t\000i\000v\000i\000s\000t\000i\000c\000\040\000h\000y\000d\000r\000o\000d\000y\000n\000a\000m\000i\000c\000s}{}% 8
\BOOKMARK [1][-]{section.3.1}{\376\377\000R\000e\000l\000a\000t\000i\000v\000i\000s\000t\000i\000c\000\040\000h\000y\000d\000r\000o\000d\000y\000n\000a\000m\000i\000c\000s}{chapter.3}% 9
\BOOKMARK [1][-]{section.3.2}{\376\377\000E\000q\000u\000a\000t\000i\000o\000n\000s\000\040\000o\000f\000\040\000s\000t\000a\000t\000e}{chapter.3}% 10
\BOOKMARK [1][-]{section.3.3}{\376\377\000C\000o\000n\000v\000e\000r\000s\000i\000o\000n\000\040\000b\000e\000t\000w\000e\000e\000n\000\040\000p\000r\000i\000m\000i\000t\000i\000v\000e\000\040\000a\000n\000d\000\040\000c\000o\000n\000s\000e\000r\000v\000e\000d\000\040\000v\000a\000r\000i\000a\000b\000l\000e\000s}{chapter.3}% 11
\BOOKMARK [0][-]{chapter.4}{\376\377\000N\000u\000m\000e\000r\000i\000c\000a\000l\000\040\000m\000e\000t\000h\000o\000d\000s}{}% 12
\BOOKMARK [1][-]{section.4.1}{\376\377\000A\000\040\000G\000A\000M\000E\000R\000\040\000P\000r\000i\000m\000e\000r}{chapter.4}% 13
\BOOKMARK [1][-]{section.4.2}{\376\377\000F\000l\000e\000x\000i\000b\000l\000e\000\040\000T\000i\000m\000e\000-\000s\000t\000e\000p}{chapter.4}% 14
\BOOKMARK [1][-]{section.4.3}{\376\377\000H\000a\000n\000d\000l\000i\000n\000g\000\040\000u\000n\000p\000h\000y\000s\000i\000c\000a\000l\000\040\000r\000e\000s\000u\000l\000t\000s}{chapter.4}% 15
\BOOKMARK [0][-]{chapter.5}{\376\377\000T\000e\000s\000t\000\040\000p\000r\000o\000b\000l\000e\000m\000s}{}% 16
\BOOKMARK [1][-]{section.5.1}{\376\377\000C\000o\000n\000v\000e\000r\000g\000e\000n\000c\000e\000\040\000t\000e\000s\000t\000\040\000f\000o\000r\000\040\000s\000i\000n\000u\000s\000o\000i\000d\000a\000l\000\040\000w\000a\000v\000e\000s}{chapter.5}% 17
\BOOKMARK [1][-]{section.5.2}{\376\377\0001\000-\000D\000\040\000r\000e\000l\000a\000t\000i\000v\000i\000s\000t\000i\000c\000\040\000R\000i\000e\000m\000a\000n\000n\000\040\000p\000r\000o\000b\000l\000e\000m\000s}{chapter.5}% 18
\BOOKMARK [1][-]{section.5.3}{\376\377\000U\000l\000t\000r\000a\000-\000r\000e\000l\000a\000t\000i\000v\000i\000s\000t\000i\000c\000\040\000l\000i\000m\000i\000t}{chapter.5}% 19
\BOOKMARK [1][-]{section.5.4}{\376\377\000M\000i\000x\000e\000d\000\040\000l\000i\000m\000i\000t\000s}{chapter.5}% 20
\BOOKMARK [1][-]{section.5.5}{\376\377\000M\000u\000l\000t\000i\000-\000d\000i\000m\000e\000n\000s\000i\000o\000n\000a\000l\000\040\000g\000r\000i\000d\000\040\000e\000f\000f\000e\000c\000t\000s\000\040\000f\000o\000r\000\040\000h\000i\000g\000h\000-\000\040\000\040\000f\000l\000o\000w\000s}{chapter.5}% 21
\BOOKMARK [0][-]{chapter.6}{\376\377\000P\000e\000r\000f\000o\000r\000m\000a\000n\000c\000e\000\040\000s\000c\000a\000l\000i\000n\000g}{}% 22
\BOOKMARK [0][-]{chapter.7}{\376\377\000A\000s\000t\000r\000o\000p\000h\000y\000s\000i\000c\000a\000l\000\040\000a\000p\000p\000l\000i\000c\000a\000t\000i\000o\000n\000s}{}% 23
\BOOKMARK [1][-]{section.7.1}{\376\377\000T\000r\000i\000a\000x\000i\000a\000l\000\040\000b\000l\000a\000s\000t\000\040\000w\000a\000v\000e}{chapter.7}% 24
\BOOKMARK [1][-]{section.7.2}{\376\377\000L\000i\000m\000b\000-\000b\000r\000i\000g\000h\000t\000e\000n\000e\000d\000\040\000j\000e\000t}{chapter.7}% 25
\BOOKMARK [0][-]{chapter.8}{\376\377\000C\000o\000n\000c\000l\000u\000s\000i\000o\000n\000s\000\040\000f\000o\000r\000\040\000p\000a\000r\000t\000\040\0001}{}% 26
\BOOKMARK [0][-]{chapter.9}{\376\377\000A\000p\000p\000e\000n\000d\000i\000x}{}% 27
\BOOKMARK [1][-]{section.9.1}{\376\377\000I\000n\000i\000t\000i\000a\000l\000\040\000g\000u\000e\000s\000s\000\040\000f\000o\000r\000\040\000N\000e\000w\000t\000o\000n\000-\000R\000a\000p\000h\000s\000o\000n\000\040\000i\000t\000e\000r\000a\000t\000i\000o\000n}{chapter.9}% 28
\BOOKMARK [1][-]{section.9.2}{\376\377\000N\000u\000m\000e\000r\000i\000c\000a\000l\000\040\000e\000r\000r\000o\000r\000\040\000a\000n\000a\000l\000y\000s\000i\000s\000\040\000f\000o\000r\000\040\000r\000o\000o\000t\000-\000f\000i\000n\000d\000i\000n\000g}{chapter.9}% 29
\BOOKMARK [1][-]{section.9.3}{\376\377\000E\000x\000a\000c\000t\000\040\000s\000o\000l\000u\000t\000i\000o\000n\000s\000\040\000o\000f\000\040\000r\000e\000l\000a\000t\000i\000v\000i\000s\000t\000i\000c\000\040\000R\000i\000e\000m\000a\000n\000n\000\040\000p\000r\000o\000b\000l\000e\000m\000s\000\040\000w\000i\000t\000h\000\040\000t\000h\000e\000\040\000T\000M\000\040\000e\000q\000u\000a\000t\000i\000o\000n\000\040\000o\000f\000\040\000s\000t\000a\000t\000e}{chapter.9}% 30
\BOOKMARK [0][-]{chapter*.8}{\376\377\000P\000a\000r\000t\000\040\000I\000I\000\040}{}% 31
\BOOKMARK [0][-]{chapter.10}{\376\377\000T\000H\000E\000\040\000F\000E\000R\000M\000I\000\040\000A\000N\000D\000\040\000E\000R\000O\000S\000I\000T\000A\000\040\000B\000U\000B\000B\000L\000E\000S}{}% 32
\BOOKMARK [0][-]{chapter.11}{\376\377\000B\000r\000i\000e\000f\000\040\000r\000e\000v\000i\000e\000w\000\040\000o\000f\000\040\000t\000h\000e\000\040\000F\000e\000r\000m\000i\000/\000e\000R\000O\000S\000I\000T\000A\000\040\000b\000u\000b\000b\000l\000e\000s}{}% 33
\BOOKMARK [0][-]{chapter.12}{\376\377\000M\000e\000t\000h\000o\000d\000o\000l\000o\000g\000y}{}% 34
\BOOKMARK [1][-]{section.12.1}{\376\377\000T\000h\000e\000\040\000G\000a\000l\000a\000c\000t\000i\000c\000\040\000a\000n\000d\000\040\000D\000i\000s\000k\000\040\000M\000o\000d\000e\000l\000s}{chapter.12}% 35
\BOOKMARK [1][-]{section.12.2}{\376\377\000T\000h\000e\000\040\000C\000l\000u\000m\000p\000y\000\040\000M\000u\000l\000t\000i\000p\000h\000a\000s\000e\000\040\000I\000n\000t\000e\000r\000s\000t\000e\000l\000l\000a\000r\000\040\000M\000e\000d\000i\000u\000m}{chapter.12}% 36
\BOOKMARK [1][-]{section.12.3}{\376\377\000O\000b\000l\000i\000q\000u\000e\000\040\000j\000e\000t\000s}{chapter.12}% 37
\BOOKMARK [0][-]{chapter.13}{\376\377\000R\000e\000s\000u\000l\000t\000s}{}% 38
\BOOKMARK [1][-]{section.13.1}{\376\377\000M\000o\000r\000p\000h\000o\000l\000o\000g\000y\000\040\000a\000n\000d\000\040\000p\000r\000o\000p\000e\000r\000t\000i\000e\000s\000\040\000o\000f\000\040\000G\000a\000l\000a\000c\000t\000i\000c\000\040\000b\000u\000b\000b\000l\000e\000s}{chapter.13}% 39
\BOOKMARK [1][-]{section.13.2}{\376\377\000M\000o\000r\000p\000h\000o\000l\000o\000g\000y\000\040\000a\000n\000d\000\040\000P\000r\000o\000f\000i\000l\000e\000s\000\040\000i\000n\000\040\000X\000-\000r\000a\000y}{chapter.13}% 40
\BOOKMARK [1][-]{section.13.3}{\376\377\000G\000a\000m\000m\000a\000-\000r\000a\000y\000\040\000a\000n\000d\000\040\000m\000i\000c\000r\000o\000w\000a\000v\000e\000\040\000s\000p\000e\000c\000t\000r\000a\000:\000\040\000c\000o\000n\000s\000t\000r\000a\000i\000n\000t\000\040\000o\000n\000\040\000t\000h\000e\000\040\000C\000R\000e\000\040\000s\000p\000e\000c\000t\000r\000a\000l\000\040\000i\000n\000d\000e\000x}{chapter.13}% 41
\BOOKMARK [0][-]{chapter.14}{\376\377\000D\000i\000s\000c\000u\000s\000s\000i\000o\000n}{}% 42
\BOOKMARK [0][-]{chapter.15}{\376\377\000C\000o\000n\000c\000l\000u\000s\000i\000o\000n\000s\000\040\000f\000o\000r\000\040\000p\000a\000r\000t\000\040\0002}{}% 43
\BOOKMARK [0][-]{chapter.16}{\376\377\000A\000p\000p\000e\000n\000d\000i\000x\000\040\000f\000o\000r\000\040\000p\000a\000r\000t\000\040\0002}{}% 44
\BOOKMARK [0][-]{section*.9}{\376\377\000B\000i\000b\000l\000i\000o\000g\000r\000a\000p\000h\000y}{}% 45
