\BOOKMARK [1][-]{section.1}{\376\377\000I\000n\000t\000r\000o\000d\000u\000c\000t\000i\000o\000n}{}% 1
\BOOKMARK [1][-]{section.2}{\376\377\000R\000e\000l\000a\000t\000i\000v\000i\000s\000t\000i\000c\000\040\000h\000y\000d\000r\000o\000d\000y\000n\000a\000m\000i\000c\000\040\000E\000q\000u\000a\000t\000i\000o\000n\000s}{}% 2
\BOOKMARK [2][-]{subsection.2.1}{\376\377\000R\000e\000l\000a\000t\000i\000v\000i\000s\000t\000i\000c\000\040\000h\000y\000d\000r\000o\000d\000y\000n\000a\000m\000i\000c\000s}{section.2}% 3
\BOOKMARK [2][-]{subsection.2.2}{\376\377\000E\000q\000u\000a\000t\000i\000o\000n\000s\000\040\000o\000f\000\040\000s\000t\000a\000t\000e}{section.2}% 4
\BOOKMARK [2][-]{subsection.2.3}{\376\377\000C\000o\000n\000v\000e\000r\000s\000i\000o\000n\000\040\000b\000e\000t\000w\000e\000e\000n\000\040\000p\000r\000i\000m\000i\000t\000i\000v\000e\000\040\000a\000n\000d\000\040\000c\000o\000n\000s\000e\000r\000v\000e\000d\000\040\000v\000a\000r\000i\000a\000b\000l\000e\000s}{section.2}% 5
\BOOKMARK [1][-]{section.3}{\376\377\000N\000u\000m\000e\000r\000i\000c\000a\000l\000\040\000M\000e\000t\000h\000o\000d\000s}{}% 6
\BOOKMARK [2][-]{subsection.3.1}{\376\377\000A\000\040\000G\000A\000M\000E\000R\000\040\000P\000r\000i\000m\000e\000r}{section.3}% 7
\BOOKMARK [2][-]{subsection.3.2}{\376\377\000F\000l\000e\000x\000i\000b\000l\000e\000\040\000T\000i\000m\000e\000-\000s\000t\000e\000p}{section.3}% 8
\BOOKMARK [2][-]{subsection.3.3}{\376\377\000H\000a\000n\000d\000l\000i\000n\000g\000\040\000u\000n\000p\000h\000y\000s\000i\000c\000a\000l\000\040\000r\000e\000s\000u\000l\000t\000s}{section.3}% 9
\BOOKMARK [1][-]{section.4}{\376\377\000T\000e\000s\000t\000\040\000P\000r\000o\000b\000l\000e\000m\000s}{}% 10
\BOOKMARK [2][-]{subsection.4.1}{\376\377\000C\000o\000n\000v\000e\000r\000g\000e\000n\000c\000e\000\040\000t\000e\000s\000t\000\040\000f\000o\000r\000\040\000s\000i\000n\000u\000s\000o\000i\000d\000a\000l\000\040\000w\000a\000v\000e\000s}{section.4}% 11
\BOOKMARK [2][-]{subsection.4.2}{\376\377\0001\000-\000D\000\040\000r\000e\000l\000a\000t\000i\000v\000i\000s\000t\000i\000c\000\040\000R\000i\000e\000m\000a\000n\000n\000\040\000p\000r\000o\000b\000l\000e\000m\000s}{section.4}% 12
\BOOKMARK [3][-]{subsubsection.4.2.1}{\376\377\000U\000l\000t\000r\000a\000-\000r\000e\000l\000a\000t\000i\000v\000i\000s\000t\000i\000c\000\040\000l\000i\000m\000i\000t}{subsection.4.2}% 13
\BOOKMARK [3][-]{subsubsection.4.2.2}{\376\377\000M\000i\000x\000e\000d\000\040\000l\000i\000m\000i\000t\000s}{subsection.4.2}% 14
\BOOKMARK [2][-]{subsection.4.3}{\376\377\000M\000u\000l\000t\000i\000-\000d\000i\000m\000e\000n\000s\000i\000o\000n\000a\000l\000\040\000g\000r\000i\000d\000\040\000e\000f\000f\000e\000c\000t\000s\000\040\000f\000o\000r\000\040\000h\000i\000g\000h\000-\000M\000\040\000f\000l\000o\000w\000s}{section.4}% 15
\BOOKMARK [1][-]{section.5}{\376\377\000P\000e\000r\000f\000o\000r\000m\000a\000n\000c\000e\000\040\000s\000c\000a\000l\000i\000n\000g}{}% 16
\BOOKMARK [1][-]{section.6}{\376\377\000A\000s\000t\000r\000o\000p\000h\000y\000s\000i\000c\000a\000l\000\040\000A\000p\000p\000l\000i\000c\000a\000t\000i\000o\000n\000s}{}% 17
\BOOKMARK [2][-]{subsection.6.1}{\376\377\000T\000r\000i\000a\000x\000i\000a\000l\000\040\000b\000l\000a\000s\000t\000\040\000w\000a\000v\000e}{section.6}% 18
\BOOKMARK [2][-]{subsection.6.2}{\376\377\000L\000i\000m\000b\000-\000b\000r\000i\000g\000h\000t\000e\000n\000e\000d\000\040\000j\000e\000t}{section.6}% 19
\BOOKMARK [1][-]{section.7}{\376\377\000c\000o\000n\000c\000l\000u\000s\000i\000o\000n\000s}{}% 20
\BOOKMARK [1][-]{appendix.A}{\376\377\000I\000n\000i\000t\000i\000a\000l\000\040\000g\000u\000e\000s\000s\000\040\000f\000o\000r\000\040\000N\000e\000w\000t\000o\000n\000-\000R\000a\000p\000h\000s\000o\000n\000\040\000i\000t\000e\000r\000a\000t\000i\000o\000n}{}% 21
\BOOKMARK [1][-]{appendix.B}{\376\377\000N\000u\000m\000e\000r\000i\000c\000a\000l\000\040\000e\000r\000r\000o\000r\000\040\000a\000n\000a\000l\000y\000s\000i\000s\000\040\000f\000o\000r\000\040\000r\000o\000o\000t\000-\000f\000i\000n\000d\000i\000n\000g}{}% 22
\BOOKMARK [1][-]{appendix.C}{\376\377\000E\000x\000a\000c\000t\000\040\000s\000o\000l\000u\000t\000i\000o\000n\000s\000\040\000o\000f\000\040\000r\000e\000l\000a\000t\000i\000v\000i\000s\000t\000i\000c\000\040\000R\000i\000e\000m\000a\000n\000n\000\040\000p\000r\000o\000b\000l\000e\000m\000s\000\040\000w\000i\000t\000h\000\040\000t\000h\000e\000\040\000T\000M\000\040\000e\000q\000u\000a\000t\000i\000o\000n\000\040\000o\000f\000\040\000s\000t\000a\000t\000e}{}% 23
